22:10:53.070 [main] INFO  stepsdefinitions.Steps - Opening URL :http://admin-demo.nopcommerce.com/login
22:10:53.436 [main] INFO  stepsdefinitions.Steps - Entering email as admin@yourstore.com and password admin
22:10:54.725 [main] INFO  stepsdefinitions.Steps - Clicking on Login
22:10:55.667 [main] INFO  stepsdefinitions.Steps - Test PASSED
22:10:55.703 [main] INFO  stepsdefinitions.Steps - Clicking on Log out
22:10:56.329 [main] INFO  stepsdefinitions.Steps - Test PASSED
22:10:56.342 [main] INFO  stepsdefinitions.Steps - Closing Browser
22:10:56.441 [main] INFO  stepsdefinitions.Steps - Launching Chrome browser
22:10:56.447 [main] INFO  io.github.bonigarcia.wdm.WebDriverManager - Using chromedriver 145.0.7632.77 (resolved driver for Chrome 145)
22:10:56.568 [main] INFO  io.github.bonigarcia.wdm.WebDriverManager - Exporting webdriver.chrome.driver as /Users/erickfloresovando/.cache/selenium/chromedriver/mac-arm64/145.0.7632.77/chromedriver
22:10:57.855 [main] INFO  stepsdefinitions.Steps - Opening URL :http://admin-demo.nopcommerce.com/login
22:10:58.092 [main] INFO  stepsdefinitions.Steps - Entering email as admin1@yourstore.com and password admin123
22:10:59.378 [main] INFO  stepsdefinitions.Steps - Clicking on Login
22:10:59.593 [main] INFO  stepsdefinitions.Steps - Test PASSED
22:11:44.027 [main] INFO  stepsdefinitions.Steps - Launching Chrome browser
22:11:44.220 [main] INFO  io.github.bonigarcia.wdm.WebDriverManager - Using chromedriver 145.0.7632.77 (resolved driver for Chrome 145)
22:11:44.462 [main] INFO  io.github.bonigarcia.wdm.WebDriverManager - Exporting webdriver.chrome.driver as /Users/erickfloresovando/.cache/selenium/chromedriver/mac-arm64/145.0.7632.77/chromedriver
22:11:46.912 [main] INFO  stepsdefinitions.Steps - Opening URL :http://admin-demo.nopcommerce.com/login
22:11:47.216 [main] INFO  stepsdefinitions.Steps - Entering email as admin@yourstore.com and password admin
22:11:48.842 [main] INFO  stepsdefinitions.Steps - Clicking on Login
22:11:49.602 [main] INFO  stepsdefinitions.Steps - Test PASSED
22:11:49.845 [main] INFO  stepsdefinitions.Steps - Clicking on Log out
22:11:50.502 [main] INFO  stepsdefinitions.Steps - Test PASSED
22:11:50.506 [main] INFO  stepsdefinitions.Steps - Closing Browser
22:11:50.635 [main] INFO  stepsdefinitions.Steps - Launching Chrome browser
22:11:50.642 [main] INFO  io.github.bonigarcia.wdm.WebDriverManager - Using chromedriver 145.0.7632.77 (resolved driver for Chrome 145)
22:11:50.764 [main] INFO  io.github.bonigarcia.wdm.WebDriverManager - Exporting webdriver.chrome.driver as /Users/erickfloresovando/.cache/selenium/chromedriver/mac-arm64/145.0.7632.77/chromedriver
22:11:52.441 [main] INFO  stepsdefinitions.Steps - Opening URL :http://admin-demo.nopcommerce.com/login
22:11:52.818 [main] INFO  stepsdefinitions.Steps - Entering email as admin@yourstore.com and password admin
22:11:54.107 [main] INFO  stepsdefinitions.Steps - Clicking on Login
22:11:54.819 [main] INFO  stepsdefinitions.Steps - Test PASSED
22:11:55.102 [main] INFO  stepsdefinitions.Steps - Clicking on Log out
22:11:55.727 [main] INFO  stepsdefinitions.Steps - Test PASSED
22:11:55.730 [main] INFO  stepsdefinitions.Steps - Closing Browser
22:11:55.825 [main] INFO  stepsdefinitions.Steps - Launching Chrome browser
22:11:55.833 [main] INFO  io.github.bonigarcia.wdm.WebDriverManager - Using chromedriver 145.0.7632.77 (resolved driver for Chrome 145)
22:11:55.951 [main] INFO  io.github.bonigarcia.wdm.WebDriverManager - Exporting webdriver.chrome.driver as /Users/erickfloresovando/.cache/selenium/chromedriver/mac-arm64/145.0.7632.77/chromedriver
22:11:57.232 [main] INFO  stepsdefinitions.Steps - Opening URL :http://admin-demo.nopcommerce.com/login
22:11:57.474 [main] INFO  stepsdefinitions.Steps - Entering email as admin1@yourstore.com and password admin123
22:11:58.806 [main] INFO  stepsdefinitions.Steps - Clicking on Login
22:11:59.102 [main] INFO  stepsdefinitions.Steps - Test PASSED
